<?xml version="1.0" encoding="UTF-8"?>
<!-- Generated by org.testng.reporters.JUnitXMLReporter -->
<testsuite hostname="SCI-DT-70" tests="3" failures="1" timestamp="5 Aug 2014 17:49:24 GMT" time="52.608" errors="0">
  <testcase name="GoogleHome" time="13.552" classname="Google"/>
  <testcase name="googleHomeTest" time="10.052" classname="Google"/>
  <testcase name="googleOfficeTest" time="10.851" classname="Google">
    <failure type="java.lang.AssertionError" message="expected [true] but found [false]">
      <![CDATA[java.lang.AssertionError: expected [true] but found [false]
	at Google.googleOfficeTest(Google.java:62)
... Removed 29 stack frames]]>
    </failure>
  </testcase> <!-- googleOfficeTest -->
</testsuite>
